[04-Mar-2016 04:32:46 Europe/Helsinki] PHP Notice:  Undefined index: limit in /var/www/ekalan/module/Application/src/Application/Model/Materials.php on line 52
[04-Mar-2016 04:32:57 Europe/Helsinki] PHP Warning:  Missing argument 1 for Application\Model\Materials::getSpecOrder(), called in /var/www/ekalan/module/Admin/src/Admin/Controller/IndexController.php on line 166 and defined in /var/www/ekalan/module/Application/src/Application/Model/Materials.php on line 25
[04-Mar-2016 04:32:57 Europe/Helsinki] PHP Notice:  Undefined variable: data in /var/www/ekalan/module/Application/src/Application/Model/Materials.php on line 52
[04-Mar-2016 04:38:50 Europe/Helsinki] PHP Warning:  Missing argument 1 for Application\Model\Materials::getSpecOrder(), called in /var/www/ekalan/module/Admin/src/Admin/Controller/IndexController.php on line 166 and defined in /var/www/ekalan/module/Application/src/Application/Model/Materials.php on line 25
[04-Mar-2016 04:38:50 Europe/Helsinki] PHP Notice:  Undefined variable: data in /var/www/ekalan/module/Application/src/Application/Model/Materials.php on line 52
[04-Mar-2016 04:40:26 Europe/Helsinki] PHP Warning:  Missing argument 1 for Application\Model\Materials::getSpecOrder(), called in /var/www/ekalan/module/Admin/src/Admin/Controller/IndexController.php on line 166 and defined in /var/www/ekalan/module/Application/src/Application/Model/Materials.php on line 25
[04-Mar-2016 04:40:26 Europe/Helsinki] PHP Notice:  Undefined variable: data in /var/www/ekalan/module/Application/src/Application/Model/Materials.php on line 52
[04-Mar-2016 04:42:03 Europe/Helsinki] PHP Warning:  Missing argument 1 for Application\Model\Materials::getSpecOrder(), called in /var/www/ekalan/module/Admin/src/Admin/Controller/IndexController.php on line 166 and defined in /var/www/ekalan/module/Application/src/Application/Model/Materials.php on line 25
[04-Mar-2016 04:42:03 Europe/Helsinki] PHP Notice:  Undefined variable: data in /var/www/ekalan/module/Application/src/Application/Model/Materials.php on line 52
[04-Mar-2016 04:45:15 Europe/Helsinki] PHP Notice:  Undefined index: fileToUpload in /var/www/ekalan/module/Admin/src/Admin/Controller/IndexController.php on line 196
[04-Mar-2016 04:45:15 Europe/Helsinki] PHP Notice:  Undefined index: fileToUpload in /var/www/ekalan/module/Admin/src/Admin/Controller/IndexController.php on line 216
[04-Mar-2016 04:45:15 Europe/Helsinki] PHP Warning:  Missing argument 1 for Application\Model\Materials::getSpecOrder(), called in /var/www/ekalan/module/Admin/src/Admin/Controller/IndexController.php on line 166 and defined in /var/www/ekalan/module/Application/src/Application/Model/Materials.php on line 25
[04-Mar-2016 04:45:15 Europe/Helsinki] PHP Notice:  Undefined variable: data in /var/www/ekalan/module/Application/src/Application/Model/Materials.php on line 52
[04-Mar-2016 04:51:16 Europe/Helsinki] PHP Notice:  Undefined index: fileToUpload in /var/www/ekalan/module/Admin/src/Admin/Controller/IndexController.php on line 196
[04-Mar-2016 04:51:16 Europe/Helsinki] PHP Notice:  Undefined index: fileToUpload in /var/www/ekalan/module/Admin/src/Admin/Controller/IndexController.php on line 201
[04-Mar-2016 04:51:16 Europe/Helsinki] PHP Warning:  getimagesize(): Filename cannot be empty in /var/www/ekalan/module/Admin/src/Admin/Controller/IndexController.php on line 201
[04-Mar-2016 04:51:16 Europe/Helsinki] PHP Notice:  Undefined index: fileToUpload in /var/www/ekalan/module/Admin/src/Admin/Controller/IndexController.php on line 216
[04-Mar-2016 04:51:16 Europe/Helsinki] PHP Warning:  Missing argument 1 for Application\Model\Materials::getSpecOrder(), called in /var/www/ekalan/module/Admin/src/Admin/Controller/IndexController.php on line 166 and defined in /var/www/ekalan/module/Application/src/Application/Model/Materials.php on line 25
[04-Mar-2016 04:51:16 Europe/Helsinki] PHP Notice:  Undefined variable: data in /var/www/ekalan/module/Application/src/Application/Model/Materials.php on line 52
[04-Mar-2016 04:54:52 Europe/Helsinki] PHP Notice:  Undefined index: fileToUpload in /var/www/ekalan/module/Admin/src/Admin/Controller/IndexController.php on line 196
[04-Mar-2016 04:54:52 Europe/Helsinki] PHP Notice:  Undefined index: fileToUpload in /var/www/ekalan/module/Admin/src/Admin/Controller/IndexController.php on line 203
[04-Mar-2016 04:54:52 Europe/Helsinki] PHP Warning:  getimagesize(): Filename cannot be empty in /var/www/ekalan/module/Admin/src/Admin/Controller/IndexController.php on line 203
[04-Mar-2016 04:54:52 Europe/Helsinki] PHP Notice:  Undefined index: fileToUpload in /var/www/ekalan/module/Admin/src/Admin/Controller/IndexController.php on line 218
[04-Mar-2016 04:54:52 Europe/Helsinki] PHP Warning:  Missing argument 1 for Application\Model\Materials::getSpecOrder(), called in /var/www/ekalan/module/Admin/src/Admin/Controller/IndexController.php on line 166 and defined in /var/www/ekalan/module/Application/src/Application/Model/Materials.php on line 25
[04-Mar-2016 04:54:52 Europe/Helsinki] PHP Notice:  Undefined variable: data in /var/www/ekalan/module/Application/src/Application/Model/Materials.php on line 52
[04-Mar-2016 05:14:32 Europe/Helsinki] PHP Notice:  Undefined index: fileToUpload in /var/www/ekalan/module/Admin/src/Admin/Controller/IndexController.php on line 193
[04-Mar-2016 05:14:32 Europe/Helsinki] PHP Warning:  Missing argument 1 for Application\Model\Materials::getSpecOrder(), called in /var/www/ekalan/module/Admin/src/Admin/Controller/IndexController.php on line 166 and defined in /var/www/ekalan/module/Application/src/Application/Model/Materials.php on line 25
[04-Mar-2016 05:14:32 Europe/Helsinki] PHP Notice:  Undefined variable: data in /var/www/ekalan/module/Application/src/Application/Model/Materials.php on line 52
[04-Mar-2016 05:17:26 Europe/Helsinki] PHP Warning:  Missing argument 1 for Application\Model\Materials::getSpecOrder(), called in /var/www/ekalan/module/Admin/src/Admin/Controller/IndexController.php on line 166 and defined in /var/www/ekalan/module/Application/src/Application/Model/Materials.php on line 25
[04-Mar-2016 05:17:26 Europe/Helsinki] PHP Notice:  Undefined variable: data in /var/www/ekalan/module/Application/src/Application/Model/Materials.php on line 52
[04-Mar-2016 05:19:02 Europe/Helsinki] PHP Warning:  getimagesize(): Filename cannot be empty in /var/www/ekalan/module/Admin/src/Admin/Controller/IndexController.php on line 203
[04-Mar-2016 05:19:02 Europe/Helsinki] PHP Warning:  Missing argument 1 for Application\Model\Materials::getSpecOrder(), called in /var/www/ekalan/module/Admin/src/Admin/Controller/IndexController.php on line 166 and defined in /var/www/ekalan/module/Application/src/Application/Model/Materials.php on line 25
[04-Mar-2016 05:19:02 Europe/Helsinki] PHP Notice:  Undefined variable: data in /var/www/ekalan/module/Application/src/Application/Model/Materials.php on line 52
[04-Mar-2016 05:21:55 Europe/Helsinki] PHP Warning:  Missing argument 1 for Application\Model\Materials::getSpecOrder(), called in /var/www/ekalan/module/Admin/src/Admin/Controller/IndexController.php on line 166 and defined in /var/www/ekalan/module/Application/src/Application/Model/Materials.php on line 25
[04-Mar-2016 05:21:55 Europe/Helsinki] PHP Notice:  Undefined variable: data in /var/www/ekalan/module/Application/src/Application/Model/Materials.php on line 52
[04-Mar-2016 05:31:59 Europe/Helsinki] PHP Warning:  Missing argument 1 for Application\Model\Materials::getSpecOrder(), called in /var/www/ekalan/module/Admin/src/Admin/Controller/IndexController.php on line 166 and defined in /var/www/ekalan/module/Application/src/Application/Model/Materials.php on line 25
[04-Mar-2016 05:31:59 Europe/Helsinki] PHP Notice:  Undefined variable: data in /var/www/ekalan/module/Application/src/Application/Model/Materials.php on line 52
[04-Mar-2016 05:33:16 Europe/Helsinki] PHP Warning:  Missing argument 1 for Application\Model\Materials::getSpecOrder(), called in /var/www/ekalan/module/Admin/src/Admin/Controller/IndexController.php on line 166 and defined in /var/www/ekalan/module/Application/src/Application/Model/Materials.php on line 25
[04-Mar-2016 05:33:16 Europe/Helsinki] PHP Notice:  Undefined variable: data in /var/www/ekalan/module/Application/src/Application/Model/Materials.php on line 52
[04-Mar-2016 05:36:04 Europe/Helsinki] PHP Warning:  Missing argument 1 for Application\Model\Materials::getSpecOrder(), called in /var/www/ekalan/module/Admin/src/Admin/Controller/IndexController.php on line 166 and defined in /var/www/ekalan/module/Application/src/Application/Model/Materials.php on line 25
[04-Mar-2016 05:36:04 Europe/Helsinki] PHP Notice:  Undefined variable: data in /var/www/ekalan/module/Application/src/Application/Model/Materials.php on line 52
[04-Mar-2016 05:39:53 Europe/Helsinki] PHP Warning:  Missing argument 1 for Application\Model\Materials::getSpecOrder(), called in /var/www/ekalan/module/Admin/src/Admin/Controller/IndexController.php on line 166 and defined in /var/www/ekalan/module/Application/src/Application/Model/Materials.php on line 25
[04-Mar-2016 05:39:53 Europe/Helsinki] PHP Notice:  Undefined variable: data in /var/www/ekalan/module/Application/src/Application/Model/Materials.php on line 52
[04-Mar-2016 08:06:04 Europe/Helsinki] PHP Notice:  Undefined index: start in /var/www/ekalan/module/Application/src/Application/Model/Materials.php on line 52
[04-Mar-2016 14:06:42 Europe/Helsinki] PHP Parse error:  syntax error, unexpected '}' in /var/www/ekalan/module/Admin/src/Admin/Controller/IndexController.php on line 162
[04-Mar-2016 14:09:07 Europe/Helsinki] PHP Notice:  Undefined index: start in /var/www/ekalan/module/Application/src/Application/Model/Materials.php on line 52
[04-Mar-2016 14:09:10 Europe/Helsinki] PHP Warning:  Missing argument 1 for Application\Model\Materials::getSpecOrder(), called in /var/www/ekalan/module/Admin/src/Admin/Controller/IndexController.php on line 165 and defined in /var/www/ekalan/module/Application/src/Application/Model/Materials.php on line 25
[04-Mar-2016 14:09:10 Europe/Helsinki] PHP Notice:  Undefined variable: data in /var/www/ekalan/module/Application/src/Application/Model/Materials.php on line 52
[04-Mar-2016 14:41:04 Europe/Helsinki] PHP Notice:  Undefined index: start in /var/www/ekalan/module/Application/src/Application/Model/Materials.php on line 52
[04-Mar-2016 14:41:07 Europe/Helsinki] PHP Warning:  Missing argument 1 for Application\Model\Materials::getSpecOrder(), called in /var/www/ekalan/module/Admin/src/Admin/Controller/IndexController.php on line 179 and defined in /var/www/ekalan/module/Application/src/Application/Model/Materials.php on line 25
[04-Mar-2016 14:41:07 Europe/Helsinki] PHP Notice:  Undefined variable: data in /var/www/ekalan/module/Application/src/Application/Model/Materials.php on line 52
[04-Mar-2016 14:41:11 Europe/Helsinki] PHP Notice:  Undefined index: limit in /var/www/ekalan/module/Application/src/Application/Model/Materials.php on line 52
[04-Mar-2016 14:59:24 Europe/Helsinki] PHP Warning:  Missing argument 1 for Application\Model\Materials::getSpecOrder(), called in /var/www/ekalan/module/Admin/src/Admin/Controller/IndexController.php on line 189 and defined in /var/www/ekalan/module/Application/src/Application/Model/Materials.php on line 25
[04-Mar-2016 14:59:24 Europe/Helsinki] PHP Notice:  Undefined variable: data in /var/www/ekalan/module/Application/src/Application/Model/Materials.php on line 52
[04-Mar-2016 14:59:59 Europe/Helsinki] PHP Notice:  Undefined index: limit in /var/www/ekalan/module/Application/src/Application/Model/Materials.php on line 52
[04-Mar-2016 15:00:11 Europe/Helsinki] PHP Fatal error:  Call to undefined function Admin\Controller\px_timestamp2string() in /var/www/ekalan/module/Admin/src/Admin/Controller/IndexController.php on line 255
[04-Mar-2016 15:06:41 Europe/Helsinki] PHP Warning:  Missing argument 1 for Application\Model\Materials::getSpecOrder(), called in /var/www/ekalan/module/Admin/src/Admin/Controller/IndexController.php on line 189 and defined in /var/www/ekalan/module/Application/src/Application/Model/Materials.php on line 25
[04-Mar-2016 15:06:41 Europe/Helsinki] PHP Notice:  Undefined variable: data in /var/www/ekalan/module/Application/src/Application/Model/Materials.php on line 52
[04-Mar-2016 15:15:19 Europe/Helsinki] PHP Warning:  Missing argument 1 for Application\Model\Materials::getSpecOrder(), called in /var/www/ekalan/module/Admin/src/Admin/Controller/IndexController.php on line 189 and defined in /var/www/ekalan/module/Application/src/Application/Model/Materials.php on line 25
[04-Mar-2016 15:15:19 Europe/Helsinki] PHP Notice:  Undefined variable: data in /var/www/ekalan/module/Application/src/Application/Model/Materials.php on line 52
[04-Mar-2016 15:15:50 Europe/Helsinki] PHP Notice:  Undefined index: limit in /var/www/ekalan/module/Application/src/Application/Model/Materials.php on line 52
